2023-11-27 20:31:57,349 INFO org.springframework.boot.StartupInfoLogger [main] Starting ProjetoIntegradorApplication using Java 20 with PID 8084 (C:\Users\User\Documents\Projeto-Integrador-backend\target\classes started by User in C:\Users\User\Documents\Projeto-Integrador-backend) 
2023-11-27 20:31:57,363 INFO org.springframework.boot.SpringApplication [main] No active profile set, falling back to 1 default profile: "default" 
2023-11-27 20:32:02,981 INFO org.springframework.data.repository.config.RepositoryConfigurationDelegate [main] Bootstrapping Spring Data JPA repositories in DEFAULT mode. 
2023-11-27 20:32:03,765 INFO org.springframework.data.repository.config.RepositoryConfigurationDelegate [main] Finished Spring Data repository scanning in 716 ms. Found 11 JPA repository interfaces. 
2023-11-27 20:32:09,343 INFO org.springframework.boot.web.embedded.tomcat.TomcatWebServer [main] Tomcat initialized with port(s): 8080 (http) 
2023-11-27 20:32:10,038 INFO org.springframework.boot.web.servlet.context.ServletWebServerApplicationContext [main] Root WebApplicationContext: initialization completed in 12107 ms 
2023-11-27 20:32:12,487 INFO org.hibernate.jpa.internal.util.LogHelper [main] HHH000204: Processing PersistenceUnitInfo [name: default] 
2023-11-27 20:32:13,047 INFO org.hibernate.Version [main] HHH000412: Hibernate ORM core version 6.2.13.Final 
2023-11-27 20:32:13,064 INFO org.hibernate.cfg.Environment [main] HHH000406: Using bytecode reflection optimizer 
2023-11-27 20:32:14,896 INFO org.springframework.orm.jpa.persistenceunit.SpringPersistenceUnitInfo [main] No LoadTimeWeaver setup: ignoring JPA class transformer 
2023-11-27 20:32:15,075 INFO com.zaxxer.hikari.HikariDataSource [main] HikariPool-1 - Starting... 
2023-11-27 20:32:16,262 INFO com.zaxxer.hikari.pool.HikariPool [main] HikariPool-1 - Added connection org.postgresql.jdbc.PgConnection@473847fb 
2023-11-27 20:32:16,272 INFO com.zaxxer.hikari.HikariDataSource [main] HikariPool-1 - Start completed. 
2023-11-27 20:32:16,498 WARN org.hibernate.engine.jdbc.dialect.internal.DialectFactoryImpl [main] HHH90000025: PostgreSQLDialect does not need to be specified explicitly using 'hibernate.dialect' (remove the property setting and it will be selected by default) 
2023-11-27 20:32:23,673 INFO org.hibernate.engine.transaction.jta.platform.internal.JtaPlatformInitiator [main] HHH000489: No JTA platform available (set 'hibernate.transaction.jta.platform' to enable JTA platform integration) 
2023-11-27 20:32:24,379 INFO org.springframework.orm.jpa.AbstractEntityManagerFactoryBean [main] Initialized JPA EntityManagerFactory for persistence unit 'default' 
2023-11-27 20:32:27,552 INFO org.springframework.data.jpa.repository.query.QueryEnhancerFactory [main] Hibernate is in classpath; If applicable, HQL parser will be used. 
2023-11-27 20:32:55,598 INFO org.springframework.boot.StartupInfoLogger [main] Starting ProjetoIntegradorApplication using Java 20 with PID 10048 (C:\Users\User\Documents\Projeto-Integrador-backend\target\classes started by User in C:\Users\User\Documents\Projeto-Integrador-backend) 
2023-11-27 20:32:55,611 INFO org.springframework.boot.SpringApplication [main] No active profile set, falling back to 1 default profile: "default" 
2023-11-27 20:33:00,326 INFO org.springframework.data.repository.config.RepositoryConfigurationDelegate [main] Bootstrapping Spring Data JPA repositories in DEFAULT mode. 
2023-11-27 20:33:01,020 INFO org.springframework.data.repository.config.RepositoryConfigurationDelegate [main] Finished Spring Data repository scanning in 649 ms. Found 11 JPA repository interfaces. 
2023-11-27 20:33:05,812 INFO org.springframework.boot.web.embedded.tomcat.TomcatWebServer [main] Tomcat initialized with port(s): 8080 (http) 
2023-11-27 20:33:05,856 INFO org.apache.juli.logging.DirectJDKLog [main] Initializing ProtocolHandler ["http-nio-8080"] 
2023-11-27 20:33:05,870 INFO org.apache.juli.logging.DirectJDKLog [main] Starting service [Tomcat] 
2023-11-27 20:33:05,871 INFO org.apache.juli.logging.DirectJDKLog [main] Starting Servlet engine: [Apache Tomcat/10.1.15] 
2023-11-27 20:33:06,558 INFO org.apache.juli.logging.DirectJDKLog [main] Initializing Spring embedded WebApplicationContext 
2023-11-27 20:33:06,566 INFO org.springframework.boot.web.servlet.context.ServletWebServerApplicationContext [main] Root WebApplicationContext: initialization completed in 10396 ms 
2023-11-27 20:33:07,860 INFO org.hibernate.jpa.internal.util.LogHelper [main] HHH000204: Processing PersistenceUnitInfo [name: default] 
2023-11-27 20:33:08,157 INFO org.hibernate.Version [main] HHH000412: Hibernate ORM core version 6.2.13.Final 
2023-11-27 20:33:08,170 INFO org.hibernate.cfg.Environment [main] HHH000406: Using bytecode reflection optimizer 
2023-11-27 20:33:09,816 INFO org.springframework.orm.jpa.persistenceunit.SpringPersistenceUnitInfo [main] No LoadTimeWeaver setup: ignoring JPA class transformer 
2023-11-27 20:33:09,959 INFO com.zaxxer.hikari.HikariDataSource [main] HikariPool-1 - Starting... 
2023-11-27 20:33:11,045 INFO com.zaxxer.hikari.pool.HikariPool [main] HikariPool-1 - Added connection org.postgresql.jdbc.PgConnection@b5de9ac 
2023-11-27 20:33:11,055 INFO com.zaxxer.hikari.HikariDataSource [main] HikariPool-1 - Start completed. 
2023-11-27 20:33:11,272 WARN org.hibernate.engine.jdbc.dialect.internal.DialectFactoryImpl [main] HHH90000025: PostgreSQLDialect does not need to be specified explicitly using 'hibernate.dialect' (remove the property setting and it will be selected by default) 
2023-11-27 20:33:17,158 INFO org.hibernate.engine.transaction.jta.platform.internal.JtaPlatformInitiator [main] HHH000489: No JTA platform available (set 'hibernate.transaction.jta.platform' to enable JTA platform integration) 
2023-11-27 20:33:17,847 INFO org.springframework.orm.jpa.AbstractEntityManagerFactoryBean [main] Initialized JPA EntityManagerFactory for persistence unit 'default' 
2023-11-27 20:33:20,248 INFO org.springframework.data.jpa.repository.query.QueryEnhancerFactory [main] Hibernate is in classpath; If applicable, HQL parser will be used. 
2023-11-27 20:33:24,595 WARN org.springframework.boot.autoconfigure.orm.jpa.JpaBaseConfiguration$JpaWebConfiguration [main] spring.jpa.open-in-view is enabled by default. Therefore, database queries may be performed during view rendering. Explicitly configure spring.jpa.open-in-view to disable this warning 
2023-11-27 20:33:27,023 INFO org.apache.juli.logging.DirectJDKLog [main] Starting ProtocolHandler ["http-nio-8080"] 
2023-11-27 20:33:27,405 INFO org.springframework.boot.web.embedded.tomcat.TomcatWebServer [main] Tomcat started on port(s): 8080 (http) with context path '' 
2023-11-27 20:33:27,467 INFO org.springframework.boot.StartupInfoLogger [main] Started ProjetoIntegradorApplication in 34.247 seconds (process running for 37.817) 
2023-11-27 20:35:11,604 INFO org.springframework.orm.jpa.AbstractEntityManagerFactoryBean [SpringApplicationShutdownHook] Closing JPA EntityManagerFactory for persistence unit 'default' 
2023-11-27 20:35:11,614 INFO com.zaxxer.hikari.HikariDataSource [SpringApplicationShutdownHook] HikariPool-1 - Shutdown initiated... 
2023-11-27 20:35:11,666 INFO com.zaxxer.hikari.HikariDataSource [SpringApplicationShutdownHook] HikariPool-1 - Shutdown completed. 
2023-11-27 20:35:25,280 INFO org.springframework.boot.StartupInfoLogger [main] Starting ProjetoIntegradorApplication using Java 20 with PID 7916 (C:\Users\User\Documents\Projeto-Integrador-backend\target\classes started by User in C:\Users\User\Documents\Projeto-Integrador-backend) 
2023-11-27 20:35:25,294 INFO org.springframework.boot.SpringApplication [main] No active profile set, falling back to 1 default profile: "default" 
2023-11-27 20:35:29,509 INFO org.springframework.data.repository.config.RepositoryConfigurationDelegate [main] Bootstrapping Spring Data JPA repositories in DEFAULT mode. 
2023-11-27 20:35:30,235 INFO org.springframework.data.repository.config.RepositoryConfigurationDelegate [main] Finished Spring Data repository scanning in 658 ms. Found 11 JPA repository interfaces. 
2023-11-27 20:35:34,689 INFO org.springframework.boot.web.embedded.tomcat.TomcatWebServer [main] Tomcat initialized with port(s): 8080 (http) 
2023-11-27 20:35:34,733 INFO org.apache.juli.logging.DirectJDKLog [main] Initializing ProtocolHandler ["http-nio-8080"] 
2023-11-27 20:35:34,747 INFO org.apache.juli.logging.DirectJDKLog [main] Starting service [Tomcat] 
2023-11-27 20:35:34,749 INFO org.apache.juli.logging.DirectJDKLog [main] Starting Servlet engine: [Apache Tomcat/10.1.15] 
2023-11-27 20:35:35,347 INFO org.apache.juli.logging.DirectJDKLog [main] Initializing Spring embedded WebApplicationContext 
2023-11-27 20:35:35,354 INFO org.springframework.boot.web.servlet.context.ServletWebServerApplicationContext [main] Root WebApplicationContext: initialization completed in 9740 ms 
2023-11-27 20:35:36,541 INFO org.hibernate.jpa.internal.util.LogHelper [main] HHH000204: Processing PersistenceUnitInfo [name: default] 
2023-11-27 20:35:36,851 INFO org.hibernate.Version [main] HHH000412: Hibernate ORM core version 6.2.13.Final 
2023-11-27 20:35:36,864 INFO org.hibernate.cfg.Environment [main] HHH000406: Using bytecode reflection optimizer 
2023-11-27 20:35:38,705 INFO org.springframework.orm.jpa.persistenceunit.SpringPersistenceUnitInfo [main] No LoadTimeWeaver setup: ignoring JPA class transformer 
2023-11-27 20:35:38,904 INFO com.zaxxer.hikari.HikariDataSource [main] HikariPool-1 - Starting... 
2023-11-27 20:35:40,242 INFO com.zaxxer.hikari.pool.HikariPool [main] HikariPool-1 - Added connection org.postgresql.jdbc.PgConnection@43786627 
2023-11-27 20:35:40,251 INFO com.zaxxer.hikari.HikariDataSource [main] HikariPool-1 - Start completed. 
2023-11-27 20:35:40,466 WARN org.hibernate.engine.jdbc.dialect.internal.DialectFactoryImpl [main] HHH90000025: PostgreSQLDialect does not need to be specified explicitly using 'hibernate.dialect' (remove the property setting and it will be selected by default) 
2023-11-27 20:35:46,914 INFO org.hibernate.engine.transaction.jta.platform.internal.JtaPlatformInitiator [main] HHH000489: No JTA platform available (set 'hibernate.transaction.jta.platform' to enable JTA platform integration) 
2023-11-27 20:35:47,580 INFO org.springframework.orm.jpa.AbstractEntityManagerFactoryBean [main] Initialized JPA EntityManagerFactory for persistence unit 'default' 
2023-11-27 20:35:49,731 INFO org.springframework.data.jpa.repository.query.QueryEnhancerFactory [main] Hibernate is in classpath; If applicable, HQL parser will be used. 
2023-11-27 20:35:55,322 WARN org.springframework.boot.autoconfigure.orm.jpa.JpaBaseConfiguration$JpaWebConfiguration [main] spring.jpa.open-in-view is enabled by default. Therefore, database queries may be performed during view rendering. Explicitly configure spring.jpa.open-in-view to disable this warning 
